<?xml version="1.0" encoding="UTF-8"?>
<testng-results skipped="0" failed="0" ignored="0" total="1" passed="1">
  <reporter-output>
  </reporter-output>
  <suite name="Default suite" duration-ms="6700" started-at="2023-01-12T23:46:27Z" finished-at="2023-01-12T23:46:33Z">
    <groups>
    </groups>
    <test name="Default test" duration-ms="6700" started-at="2023-01-12T23:46:27Z" finished-at="2023-01-12T23:46:33Z">
      <class name="test.AddCustmerTest">
        <test-method status="PASS" signature="validUserShouldBeAbleToAddCustomer()[pri:0, instance:test.AddCustmerTest@1e683a3e]" name="validUserShouldBeAbleToAddCustomer" duration-ms="6685" started-at="2023-01-12T23:46:27Z" finished-at="2023-01-12T23:46:33Z">
          <reporter-output>
          </reporter-output>
        </test-method> <!-- validUserShouldBeAbleToAddCustomer -->
      </class> <!-- test.AddCustmerTest -->
    </test> <!-- Default test -->
  </suite> <!-- Default suite -->
</testng-results>
